<?xml version="1.0" encoding="UTF-8"?>
<!-- Generated by org.testng.reporters.JUnitXMLReporter -->
<testsuite ignored="2" hostname="QAClay" failures="0" tests="1" name="Default test" time="35.103" errors="0" timestamp="2024-03-05T13:27:41 EST">
  <testcase classname="com.crm.clay.testcases.DocuTemplateTest" name="VerifyDraftTest" time="30.721"/>
  <testcase classname="com.crm.clay.testcases.DocuTemplateTest" name="APSALLCategoryTest" time="0.0">
    <ignored/>
  </testcase> <!-- APSALLCategoryTest -->
  <testcase classname="com.crm.clay.testcases.DocuTemplateTest" name="CreateEnvelopeTest" time="0.0">
    <ignored/>
  </testcase> <!-- CreateEnvelopeTest -->
</testsuite> <!-- Default test -->
