<?xml version="1.0" encoding="UTF-8"?>
<!-- Generated by org.testng.reporters.JUnitXMLReporter -->
<testsuite ignored="0" hostname="QAClay" failures="0" tests="8" name="Firefox Clay Test" time="0.039" errors="0" timestamp="2024-02-13T09:40:03 EST">
  <testcase classname="com.crm.clay.testcases.LoginTest" name="LoginPageTitleTest" time="0.0">
    <skipped/>
  </testcase> <!-- LoginPageTitleTest -->
  <testcase classname="com.crm.clay.testcases.LoginTest" name="LoginPageLogoTest" time="0.0">
    <skipped/>
  </testcase> <!-- LoginPageLogoTest -->
  <testcase classname="com.crm.clay.testcases.LoginTest" name="LoginPageTest" time="0.0">
    <skipped/>
  </testcase> <!-- LoginPageTest -->
  <testcase classname="com.crm.clay.testcases.LoginTest" name="UnsuccessfulLoginErrorMsg" time="0.0">
    <skipped/>
  </testcase> <!-- UnsuccessfulLoginErrorMsg -->
  <testcase classname="com.crm.clay.testcases.LoginTest" name="ResetPasswordTest" time="0.0">
    <skipped/>
  </testcase> <!-- ResetPasswordTest -->
  <testcase classname="com.crm.clay.testcases.HomePageTest" name="VerifyHomePageTest" time="0.0">
    <skipped/>
  </testcase> <!-- VerifyHomePageTest -->
  <testcase classname="com.crm.clay.testcases.HomePageTest" name="VerfyProjectDashboard" time="0.0">
    <skipped/>
  </testcase> <!-- VerfyProjectDashboard -->
  <testcase classname="com.crm.clay.testcases.HomePageTest" name="VerifyProjectPage" time="0.0">
    <skipped/>
  </testcase> <!-- VerifyProjectPage -->
</testsuite> <!-- Firefox Clay Test -->
