<?xml version="1.0" encoding="UTF-8"?>
<!-- Generated by org.testng.reporters.JUnitXMLReporter -->
<testsuite ignored="0" hostname="QAClay" failures="0" tests="9" name="Test Clay" time="170.95" errors="0" timestamp="2024-03-05T12:04:35 EST">
  <testcase classname="com.crm.clay.testcases.LoginTest" name="LoginPageTitleTest" time="0.011"/>
  <testcase classname="com.crm.clay.testcases.LoginTest" name="LoginPageLogoTest" time="0.201"/>
  <testcase classname="com.crm.clay.testcases.LoginTest" name="LoginPageTest" time="0.705"/>
  <testcase classname="com.crm.clay.testcases.LoginTest" name="UnsuccessfulLoginErrorMsg" time="0.739"/>
  <testcase classname="com.crm.clay.testcases.LoginTest" name="ResetPasswordTest" time="8.736"/>
  <testcase classname="com.crm.clay.testcases.HomePageTest" name="VerifyHomePageTest" time="0.141"/>
  <testcase classname="com.crm.clay.testcases.HomePageTest" name="VerfyProjectDashboard" time="1.13"/>
  <testcase classname="com.crm.clay.testcases.HomePageTest" name="VerifyProjectPage" time="0.79"/>
  <testcase classname="com.crm.clay.testcases.DocuTemplateTest" name="APSALLCategoryTest" time="124.996"/>
</testsuite> <!-- Test Clay -->
